<?xml version="1.0" encoding="UTF-8"?>
<!-- Generated by org.testng.reporters.JUnitReportReporter -->
<testsuite skipped="0" hostname="Alkesh-PC" name="com.freecrm.qa.testcase.IndexPageTest" tests="1" failures="0" timestamp="11 Aug 2018 04:07:13 GMT" time="10.776" errors="0">
  <testcase name="verifyLogin" time="10.776" classname="com.freecrm.qa.testcase.IndexPageTest"/>
</testsuite> <!-- com.freecrm.qa.testcase.IndexPageTest -->
